C:\USERS\XURAN\DOCUMENTS\VISUAL STUDIO 2012\PROJECTS\FACE_REC_CASIANET_2\FACE_REC_CASIANET_2\RELEASE\FACE_REC_CASIANET_2.PCH
C:\USERS\XURAN\DOCUMENTS\VISUAL STUDIO 2012\PROJECTS\FACE_REC_CASIANET_2\FACE_REC_CASIANET_2\RELEASE\STDAFX.OBJ
C:\USERS\XURAN\DOCUMENTS\VISUAL STUDIO 2012\PROJECTS\FACE_REC_CASIANET_2\FACE_REC_CASIANET_2\RELEASE\VC110.PDB
C:\USERS\XURAN\DOCUMENTS\VISUAL STUDIO 2012\PROJECTS\FACE_REC_CASIANET_2\FACE_REC_CASIANET_2\RELEASE\FACE_REC_CASIANET_2.OBJ
C:\USERS\XURAN\DOCUMENTS\VISUAL STUDIO 2012\PROJECTS\FACE_REC_CASIANET_2\FACE_REC_CASIANET_2\RELEASE\FACE_DETECT.OBJ
C:\USERS\XURAN\DOCUMENTS\VISUAL STUDIO 2012\PROJECTS\FACE_REC_CASIANET_2\FACE_REC_CASIANET_2\RELEASE\FACE_ALIGN.OBJ
C:\USERS\XURAN\DOCUMENTS\VISUAL STUDIO 2012\PROJECTS\FACE_REC_CASIANET_2\FACE_REC_CASIANET_2\RELEASE\CNNFACE.OBJ
C:\USERS\XURAN\DOCUMENTS\VISUAL STUDIO 2012\PROJECTS\FACE_REC_CASIANET_2\FACE_REC_CASIANET_2\RELEASE\BINARY_MODEL_FILE.OBJ
C:\USERS\XURAN\DOCUMENTS\VISUAL STUDIO 2012\PROJECTS\FACE_REC_CASIANET_2\RELEASE\FACE_REC_CASIANET_2.EXE
C:\USERS\XURAN\DOCUMENTS\VISUAL STUDIO 2012\PROJECTS\FACE_REC_CASIANET_2\RELEASE\FACE_REC_CASIANET_2.PDB
c:\Users\xuran\documents\visual studio 2012\Projects\face_rec_casianet_2\face_rec_casianet_2\Release\binary_model_file.obj
c:\Users\xuran\documents\visual studio 2012\Projects\face_rec_casianet_2\face_rec_casianet_2\Release\cnnFace.obj
c:\Users\xuran\documents\visual studio 2012\Projects\face_rec_casianet_2\face_rec_casianet_2\Release\face_align.obj
c:\Users\xuran\documents\visual studio 2012\Projects\face_rec_casianet_2\face_rec_casianet_2\Release\face_detect.obj
c:\Users\xuran\documents\visual studio 2012\Projects\face_rec_casianet_2\face_rec_casianet_2\Release\face_rec_casianet_2.obj
c:\Users\xuran\documents\visual studio 2012\Projects\face_rec_casianet_2\face_rec_casianet_2\Release\stdafx.obj
c:\Users\xuran\documents\visual studio 2012\Projects\face_rec_casianet_2\face_rec_casianet_2\Release\cl.command.1.tlog
c:\Users\xuran\documents\visual studio 2012\Projects\face_rec_casianet_2\face_rec_casianet_2\Release\CL.read.1.tlog
c:\Users\xuran\documents\visual studio 2012\Projects\face_rec_casianet_2\face_rec_casianet_2\Release\CL.write.1.tlog
c:\Users\xuran\documents\visual studio 2012\Projects\face_rec_casianet_2\face_rec_casianet_2\Release\link-cvtres.read.1.tlog
c:\Users\xuran\documents\visual studio 2012\Projects\face_rec_casianet_2\face_rec_casianet_2\Release\link-cvtres.write.1.tlog
c:\Users\xuran\documents\visual studio 2012\Projects\face_rec_casianet_2\face_rec_casianet_2\Release\link-rc.read.1.tlog
c:\Users\xuran\documents\visual studio 2012\Projects\face_rec_casianet_2\face_rec_casianet_2\Release\link-rc.write.1.tlog
c:\Users\xuran\documents\visual studio 2012\Projects\face_rec_casianet_2\face_rec_casianet_2\Release\link.command.1.tlog
c:\Users\xuran\documents\visual studio 2012\Projects\face_rec_casianet_2\face_rec_casianet_2\Release\link.read.1.tlog
c:\Users\xuran\documents\visual studio 2012\Projects\face_rec_casianet_2\face_rec_casianet_2\Release\link.write.1.tlog
c:\Users\xuran\documents\visual studio 2012\Projects\face_rec_casianet_2\face_rec_casianet_2\Release\face_rec_casianet_2.pch
c:\Users\xuran\documents\visual studio 2012\Projects\face_rec_casianet_2\face_rec_casianet_2\Release\vc110.pdb
c:\users\xuran\documents\visual studio 2012\Projects\face_rec_casianet_2\Release\face_rec_casianet_2.pdb
c:\users\xuran\documents\visual studio 2012\Projects\face_rec_casianet_2\Release\face_rec_casianet_2.exe
