生成启动时间为 2016/1/22 14:37:09。
     1>项目“C:\Users\xuran\Documents\Visual Studio 2012\Projects\face_rec_casianet_2\face_rec_casianet_2\face_rec_casianet_2.vcxproj”在节点 2 上(Build 个目标)。
     1>InitializeBuildStatus:
         正在创建“Release\face_rec_casianet_2.unsuccessfulbuild”，因为已指定“AlwaysCreate”。
       ClCompile:
         所有输出均为最新。
         C:\Program Files (x86)\Microsoft Visual Studio 11.0\VC\bin\CL.exe /c /Zi /nologo /W3 /WX- /sdl /O2 /Oi /Oy- /GL /D WIN32 /D NDEBUG /D _CONSOLE /D _CRT_SECURE_NO_WARNINGS /D _UNICODE /D UNICODE /Gm- /EHsc /MD /GS /Gy /fp:precise /Zc:wchar_t /Zc:forScope /Yu"stdafx.h" /Fp"Release\face_rec_casianet_2.pch" /Fo"Release\\" /Fd"Release\vc110.pdb" /Gd /TP /analyze- /errorReport:prompt face_align.cpp
         face_align.cpp
     1>face_align.cpp(1): warning C4627: “#include "face_align.h"”: 在查找预编译头使用时跳过
                 将指令添加到“stdafx.h”或重新生成预编译头
     1>c:\users\xuran\documents\visual studio 2012\projects\face_rec_casianet_2\face_rec_casianet_2\intraface/FaceAlignment.h(74): warning C4251: “INTRAFACE::FaceAlignment::m_DR”: class“std::vector<_Ty>”需要有 dll 接口由 class“INTRAFACE::FaceAlignment”的客户端使用
                 with
                 [
                     _Ty=cv::Mat
                 ]
     1>c:\users\xuran\documents\visual studio 2012\projects\face_rec_casianet_2\face_rec_casianet_2\intraface/FaceAlignment.h(74): warning C4251: “INTRAFACE::FaceAlignment::m_Db”: class“std::vector<_Ty>”需要有 dll 接口由 class“INTRAFACE::FaceAlignment”的客户端使用
                 with
                 [
                     _Ty=cv::Mat
                 ]
     1>c:\users\xuran\documents\visual studio 2012\projects\face_rec_casianet_2\face_rec_casianet_2\intraface/FaceAlignment.h(74): warning C4251: “INTRAFACE::FaceAlignment::m_TR”: class“std::vector<_Ty>”需要有 dll 接口由 class“INTRAFACE::FaceAlignment”的客户端使用
                 with
                 [
                     _Ty=cv::Mat
                 ]
     1>c:\users\xuran\documents\visual studio 2012\projects\face_rec_casianet_2\face_rec_casianet_2\intraface/FaceAlignment.h(74): warning C4251: “INTRAFACE::FaceAlignment::m_Tb”: class“std::vector<_Ty>”需要有 dll 接口由 class“INTRAFACE::FaceAlignment”的客户端使用
                 with
                 [
                     _Ty=cv::Mat
                 ]
     1>c:\users\xuran\documents\visual studio 2012\projects\face_rec_casianet_2\face_rec_casianet_2\intraface/FaceAlignment.h(75): warning C4251: “INTRAFACE::FaceAlignment::m_winsize”: class“std::vector<_Ty>”需要有 dll 接口由 class“INTRAFACE::FaceAlignment”的客户端使用
                 with
                 [
                     _Ty=int
                 ]
     1>c:\users\xuran\documents\visual studio 2012\projects\face_rec_casianet_2\face_rec_casianet_2\intraface/FaceAlignment.h(76): warning C4251: “INTRAFACE::FaceAlignment::m_flags”: class“std::vector<_Ty>”需要有 dll 接口由 class“INTRAFACE::FaceAlignment”的客户端使用
                 with
                 [
                     _Ty=bool
                 ]
     1>c:\users\xuran\documents\visual studio 2012\projects\face_rec_casianet_2\face_rec_casianet_2\intraface/FaceAlignment.h(77): warning C4251: “INTRAFACE::FaceAlignment::m_w”: class“cv::Mat”需要有 dll 接口由 class“INTRAFACE::FaceAlignment”的客户端使用
                 D:\opencv2.4.9\opencv\build\include\opencv2/core/core.hpp(1689) : 参见“cv::Mat”的声明
     1>c:\users\xuran\documents\visual studio 2012\projects\face_rec_casianet_2\face_rec_casianet_2\intraface/FaceAlignment.h(78): warning C4251: “INTRAFACE::FaceAlignment::m_meanShape2D”: class“cv::Mat”需要有 dll 接口由 class“INTRAFACE::FaceAlignment”的客户端使用
                 D:\opencv2.4.9\opencv\build\include\opencv2/core/core.hpp(1689) : 参见“cv::Mat”的声明
     1>c:\users\xuran\documents\visual studio 2012\projects\face_rec_casianet_2\face_rec_casianet_2\intraface/FaceAlignment.h(80): warning C4251: “INTRAFACE::FaceAlignment::m_cropROI”: class“cv::Rect_<_Tp>”需要有 dll 接口由 class“INTRAFACE::FaceAlignment”的客户端使用
                 with
                 [
                     _Tp=int
                 ]
     1>c:\users\xuran\documents\visual studio 2012\projects\face_rec_casianet_2\face_rec_casianet_2\intraface/FaceAlignment.h(81): warning C4251: “INTRAFACE::FaceAlignment::m_offset”: class“cv::Rect_<_Tp>”需要有 dll 接口由 class“INTRAFACE::FaceAlignment”的客户端使用
                 with
                 [
                     _Tp=double
                 ]
     1>face_align.cpp(55): warning C4244: “=”: 从“double”转换到“float”，可能丢失数据
     1>face_align.cpp(56): warning C4244: “=”: 从“double”转换到“float”，可能丢失数据
     1>face_align.cpp(57): warning C4244: “=”: 从“double”转换到“float”，可能丢失数据
     1>face_align.cpp(58): warning C4244: “=”: 从“double”转换到“float”，可能丢失数据
     1>face_align.cpp(59): warning C4244: “=”: 从“double”转换到“float”，可能丢失数据
     1>face_align.cpp(60): warning C4244: “=”: 从“double”转换到“float”，可能丢失数据
       Link:
         C:\Program Files (x86)\Microsoft Visual Studio 11.0\VC\bin\link.exe /ERRORREPORT:PROMPT /OUT:"C:\Users\xuran\Documents\Visual Studio 2012\Projects\face_rec_casianet_2\Release\face_rec_casianet_2.exe" /INCREMENTAL:NO /NOLOGO cnnAPI_Release.lib libopenblas.lib IntraFaceDLL.lib opencv_calib3d249.lib opencv_contrib249.lib opencv_core249.lib opencv_features2d249.lib opencv_highgui249.lib opencv_imgproc249.lib opencv_legacy249.lib opencv_ml249.lib opencv_nonfree249.lib opencv_objdetect249.lib opencv_photo249.lib opencv_stitching249.lib opencv_superres249.lib opencv_ts249.lib opencv_video249.lib opencv_videostab249.lib kernel32.lib user32.lib gdi32.lib winspool.lib comdlg32.lib advapi32.lib shell32.lib ole32.lib oleaut32.lib uuid.lib odbc32.lib odbccp32.lib /MANIFEST /MANIFESTUAC:"level='asInvoker' uiAccess='false'" /manifest:embed /DEBUG /PDB:"C:\Users\xuran\Documents\Visual Studio 2012\Projects\face_rec_casianet_2\Release\face_rec_casianet_2.pdb" /SUBSYSTEM:CONSOLE /OPT:REF /OPT:ICF /LTCG /TLBID:1 /DYNAMICBASE /NXCOMPAT /IMPLIB:"C:\Users\xuran\Documents\Visual Studio 2012\Projects\face_rec_casianet_2\Release\face_rec_casianet_2.lib" /MACHINE:X86 /SAFESEH Release\binary_model_file.obj
         Release\cnnFace.obj
         Release\face_align.obj
         Release\face_detect.obj
         Release\face_rec_casianet_2.obj
         Release\stdafx.obj
         正在生成代码
         已完成代码的生成
     1>cnnAPI_Release.lib(cnn.obj) : warning LNK4099: 未找到 PDB“vc110.pdb”(使用“cnnAPI_Release.lib(cnn.obj)”或在“C:\Users\xuran\Documents\Visual Studio 2012\Projects\face_rec_casianet_2\Release\vc110.pdb”中寻找)；正在链接对象，如同没有调试信息一样
         face_rec_casianet_2.vcxproj -> C:\Users\xuran\Documents\Visual Studio 2012\Projects\face_rec_casianet_2\Release\face_rec_casianet_2.exe
       FinalizeBuildStatus:
         正在删除文件“Release\face_rec_casianet_2.unsuccessfulbuild”。
         正在对“Release\face_rec_casianet_2.lastbuildstate”执行 Touch 任务。
     1>已完成生成项目“C:\Users\xuran\Documents\Visual Studio 2012\Projects\face_rec_casianet_2\face_rec_casianet_2\face_rec_casianet_2.vcxproj”(Build 个目标)的操作。

生成成功。

已用时间 00:00:01.08
