生成启动时间为 2016/1/14 14:41:09。
     1>项目“C:\Users\xuran\documents\visual studio 2012\Projects\face_rec_casianet_2\face_rec_casianet_2\face_rec_casianet_2.vcxproj”在节点 2 上(Build 个目标)。
     1>InitializeBuildStatus:
         正在创建“Debug\face_rec_casianet_2.unsuccessfulbuild”，因为已指定“AlwaysCreate”。
       ClCompile:
         所有输出均为最新。
         C:\Program Files (x86)\Microsoft Visual Studio 11.0\VC\bin\CL.exe /c /ZI /nologo /W3 /WX- /sdl /Od /Oy- /D WIN32 /D _DEBUG /D _CONSOLE /D _CRT_SECURE_NO_WARNINGS /D _UNICODE /D UNICODE /Gm /EHsc /RTC1 /MDd /GS /fp:precise /Zc:wchar_t /Zc:forScope /Yu"stdafx.h" /Fp"Debug\face_rec_casianet_2.pch" /Fo"Debug\\" /Fd"Debug\vc110.pdb" /Gd /TP /analyze- /errorReport:prompt face_rec_casianet_2.cpp
         face_rec_casianet_2.cpp
     1>c:\users\xuran\documents\visual studio 2012\projects\face_rec_casianet_2\face_rec_casianet_2\cnnlib\cnn.h(169): warning C4018: “<”: 有符号/无符号不匹配
       Link:
         C:\Program Files (x86)\Microsoft Visual Studio 11.0\VC\bin\link.exe /ERRORREPORT:PROMPT /OUT:"C:\Users\xuran\documents\visual studio 2012\Projects\face_rec_casianet_2\Debug\face_rec_casianet_2.exe" /INCREMENTAL /NOLOGO cnnAPI_Debug.lib libopenblas.lib IntraFaceDLLd.lib opencv_calib3d249d.lib opencv_contrib249d.lib opencv_core249d.lib opencv_features2d249d.lib opencv_highgui249d.lib opencv_imgproc249d.lib opencv_legacy249d.lib opencv_ml249d.lib opencv_nonfree249d.lib opencv_objdetect249d.lib opencv_photo249d.lib opencv_stitching249d.lib opencv_superres249d.lib opencv_ts249d.lib opencv_video249d.lib opencv_videostab249d.lib kernel32.lib user32.lib gdi32.lib winspool.lib comdlg32.lib advapi32.lib shell32.lib ole32.lib oleaut32.lib uuid.lib odbc32.lib odbccp32.lib /MANIFEST /MANIFESTUAC:"level='asInvoker' uiAccess='false'" /manifest:embed /DEBUG /PDB:"C:\Users\xuran\documents\visual studio 2012\Projects\face_rec_casianet_2\Debug\face_rec_casianet_2.pdb" /SUBSYSTEM:CONSOLE /TLBID:1 /DYNAMICBASE /NXCOMPAT /IMPLIB:"C:\Users\xuran\documents\visual studio 2012\Projects\face_rec_casianet_2\Debug\face_rec_casianet_2.lib" /MACHINE:X86 Debug\binary_model_file.obj
         Debug\cnnFace.obj
         Debug\face_align.obj
         Debug\face_detect.obj
         Debug\face_rec_casianet_2.obj
         Debug\stdafx.obj
     1>cnnAPI_Debug.lib(cnn.obj) : warning LNK4099: 未找到 PDB“vc110.pdb”(使用“cnnAPI_Debug.lib(cnn.obj)”或在“C:\Users\xuran\documents\visual studio 2012\Projects\face_rec_casianet_2\Debug\vc110.pdb”中寻找)；正在链接对象，如同没有调试信息一样
         face_rec_casianet_2.vcxproj -> C:\Users\xuran\documents\visual studio 2012\Projects\face_rec_casianet_2\Debug\face_rec_casianet_2.exe
       FinalizeBuildStatus:
         正在删除文件“Debug\face_rec_casianet_2.unsuccessfulbuild”。
         正在对“Debug\face_rec_casianet_2.lastbuildstate”执行 Touch 任务。
     1>已完成生成项目“C:\Users\xuran\documents\visual studio 2012\Projects\face_rec_casianet_2\face_rec_casianet_2\face_rec_casianet_2.vcxproj”(Build 个目标)的操作。

生成成功。

已用时间 00:00:05.30
