C:\USERS\XURAN\DOCUMENTS\VISUAL STUDIO 2012\PROJECTS\FACE_REC_CASIANET_2\FACE_REC_CASIANET_2\DEBUG\FACE_REC_CASIANET_2.PCH
C:\USERS\XURAN\DOCUMENTS\VISUAL STUDIO 2012\PROJECTS\FACE_REC_CASIANET_2\FACE_REC_CASIANET_2\DEBUG\STDAFX.OBJ
C:\USERS\XURAN\DOCUMENTS\VISUAL STUDIO 2012\PROJECTS\FACE_REC_CASIANET_2\FACE_REC_CASIANET_2\DEBUG\VC110.PDB
C:\USERS\XURAN\DOCUMENTS\VISUAL STUDIO 2012\PROJECTS\FACE_REC_CASIANET_2\FACE_REC_CASIANET_2\DEBUG\BINARY_MODEL_FILE.OBJ
C:\USERS\XURAN\DOCUMENTS\VISUAL STUDIO 2012\PROJECTS\FACE_REC_CASIANET_2\FACE_REC_CASIANET_2\DEBUG\CNNFACE.OBJ
C:\USERS\XURAN\DOCUMENTS\VISUAL STUDIO 2012\PROJECTS\FACE_REC_CASIANET_2\FACE_REC_CASIANET_2\DEBUG\FACE_ALIGN.OBJ
C:\USERS\XURAN\DOCUMENTS\VISUAL STUDIO 2012\PROJECTS\FACE_REC_CASIANET_2\FACE_REC_CASIANET_2\DEBUG\FACE_DETECT.OBJ
C:\USERS\XURAN\DOCUMENTS\VISUAL STUDIO 2012\PROJECTS\FACE_REC_CASIANET_2\FACE_REC_CASIANET_2\DEBUG\FACE_REC_CASIANET_2.OBJ
C:\USERS\XURAN\DOCUMENTS\VISUAL STUDIO 2012\PROJECTS\FACE_REC_CASIANET_2\DEBUG\FACE_REC_CASIANET_2.ILK
C:\USERS\XURAN\DOCUMENTS\VISUAL STUDIO 2012\PROJECTS\FACE_REC_CASIANET_2\DEBUG\FACE_REC_CASIANET_2.EXE
C:\USERS\XURAN\DOCUMENTS\VISUAL STUDIO 2012\PROJECTS\FACE_REC_CASIANET_2\DEBUG\FACE_REC_CASIANET_2.PDB
c:\Users\xuran\documents\visual studio 2012\Projects\face_rec_casianet_2\face_rec_casianet_2\Debug\binary_model_file.obj
c:\Users\xuran\documents\visual studio 2012\Projects\face_rec_casianet_2\face_rec_casianet_2\Debug\cnnFace.obj
c:\Users\xuran\documents\visual studio 2012\Projects\face_rec_casianet_2\face_rec_casianet_2\Debug\face_align.obj
c:\Users\xuran\documents\visual studio 2012\Projects\face_rec_casianet_2\face_rec_casianet_2\Debug\face_detect.obj
c:\Users\xuran\documents\visual studio 2012\Projects\face_rec_casianet_2\face_rec_casianet_2\Debug\face_rec_casianet_2.obj
c:\Users\xuran\documents\visual studio 2012\Projects\face_rec_casianet_2\face_rec_casianet_2\Debug\stdafx.obj
c:\Users\xuran\documents\visual studio 2012\Projects\face_rec_casianet_2\face_rec_casianet_2\Debug\cl.command.1.tlog
c:\Users\xuran\documents\visual studio 2012\Projects\face_rec_casianet_2\face_rec_casianet_2\Debug\CL.read.1.tlog
c:\Users\xuran\documents\visual studio 2012\Projects\face_rec_casianet_2\face_rec_casianet_2\Debug\CL.write.1.tlog
c:\Users\xuran\documents\visual studio 2012\Projects\face_rec_casianet_2\face_rec_casianet_2\Debug\link-cvtres.read.1.tlog
c:\Users\xuran\documents\visual studio 2012\Projects\face_rec_casianet_2\face_rec_casianet_2\Debug\link-cvtres.write.1.tlog
c:\Users\xuran\documents\visual studio 2012\Projects\face_rec_casianet_2\face_rec_casianet_2\Debug\link-rc.read.1.tlog
c:\Users\xuran\documents\visual studio 2012\Projects\face_rec_casianet_2\face_rec_casianet_2\Debug\link-rc.write.1.tlog
c:\Users\xuran\documents\visual studio 2012\Projects\face_rec_casianet_2\face_rec_casianet_2\Debug\link.command.1.tlog
c:\Users\xuran\documents\visual studio 2012\Projects\face_rec_casianet_2\face_rec_casianet_2\Debug\link.read.1.tlog
c:\Users\xuran\documents\visual studio 2012\Projects\face_rec_casianet_2\face_rec_casianet_2\Debug\link.read.2.tlog
c:\Users\xuran\documents\visual studio 2012\Projects\face_rec_casianet_2\face_rec_casianet_2\Debug\link.write.1.tlog
c:\Users\xuran\documents\visual studio 2012\Projects\face_rec_casianet_2\face_rec_casianet_2\Debug\face_rec_casianet_2.pch
c:\Users\xuran\documents\visual studio 2012\Projects\face_rec_casianet_2\face_rec_casianet_2\Debug\vc110.idb
c:\Users\xuran\documents\visual studio 2012\Projects\face_rec_casianet_2\face_rec_casianet_2\Debug\vc110.pdb
c:\users\xuran\documents\visual studio 2012\Projects\face_rec_casianet_2\Debug\face_rec_casianet_2.pdb
c:\users\xuran\documents\visual studio 2012\Projects\face_rec_casianet_2\Debug\face_rec_casianet_2.exe
c:\users\xuran\documents\visual studio 2012\Projects\face_rec_casianet_2\Debug\face_rec_casianet_2.ilk
